00000000000000000010100011011110001110001110101001100110011
00000000000000000010110011010110001110001110101001100110011
00000000000000000010100000000000000010000001110000000000000
00000000000000000010110000001000000010000001110000000000000
=
00011011010011100100110101100100010010011011000001100010000
00111001001111000100101101100100010010011011000001100010000
0001111001010110010011110110_______________________________
00000000111000100100110100011100010010011011000001100010000
00101010000001100100101100011100010010011011000001100010000
00001100010010100100111100010100010010011011000001100010000
00001101100000100100100010010100010010011011000001100010000
001000100010010001001______________________________________
00010100010101000100111101011100010010011011000001100010000
00101010011111100100100011011100010010011011000001100010000
=
0 00110100000101 000101 10011010 0000000 111001 111 11000 100010001
0 10010000101011 000101 00000000 1000001 111001 111 11000 100010001
0 00010110001111 010101 10000001 1000001 111001 111 11000 100010001
0 01010000000001 010101 00011011 1000001 111001 111 11000 100010001
0 00010011100011 010101 10011010 1000001 111001 111 11000 100010001
0 01100111010010 011001 00000000 1100000 111001 111 11000 100010001
0 00000010100111 001001 10000001 1100000 111001 111 11000 100010001
0 00010000110001 001001 01000001 1100000 111001 111 11000 100010001
=
01011010111101100101100101011100000110000011111100010010001
00001110011100000101110101010100000110000011111100010010001
00101001110000100101101101010100000110000011111100010010001
01110000011100000101111101011100000110000011111100010010001
00011111010000100101100011011100000110000011111100010010001
01110100010110100101110011010100000110000011111100010010001
000011011111101001011000000000100001100000111111000100100011
00100101011110100100110000001010000110000011111100010010001
00100111001110100100101000001010000110000011111100010010001
=
01100110011001100100110011010100000100001111100001100010000
01110011000001100100100000000010000100001111100001100010000
00101001010001001100110000001010000100001111100001100010000
01010100101010101100101000001010000100001111100001100010000
01001000101111101100111000000010000100001111100001100010000
00001010011001001100100011011010000100001111100001100010000
01010000000110001100110011010010000100001111100001100010000
01011100001111001010100000000010000100001111100001100010000
00101001000001000010110000001010000100001111100001100010000
00001010111011100010101000001010000100001111100001100010000
=
00000000000000000010100001100110001110001110101001100110011
000000000000000000101100011011100011100011101010011001100110
0000000000000000001010100110111000111000111010100110011001100
00000000000000000010111001100110001110001110101001100110011
=
00011001000011000100101101001001000101000001100100100010000
01100111101010100100111101000001000101000001100100100010000
00100011110001010100100011000001000101000001100100100010000
00101000001010110100110011001001000101000001100100100010000
00001111101000010100100000101001000101000001100100100010000
